e:\work\storage\server\oss\aliyun_oss_c_sdk_3.5.0\oss_c_sdk\debug\oss_c_sdk.pdb
e:\work\storage\server\oss\aliyun_oss_c_sdk_3.5.0\oss_c_sdk\debug\oss_c_sdk.idb
e:\work\storage\server\oss\aliyun_oss_c_sdk_3.5.0\oss_c_sdk\debug\oss_xml.obj
e:\work\storage\server\oss\aliyun_oss_c_sdk_3.5.0\oss_c_sdk\debug\oss_util.obj
e:\work\storage\server\oss\aliyun_oss_c_sdk_3.5.0\oss_c_sdk\debug\oss_resumable.obj
e:\work\storage\server\oss\aliyun_oss_c_sdk_3.5.0\oss_c_sdk\debug\oss_object.obj
e:\work\storage\server\oss\aliyun_oss_c_sdk_3.5.0\oss_c_sdk\debug\oss_multipart.obj
e:\work\storage\server\oss\aliyun_oss_c_sdk_3.5.0\oss_c_sdk\debug\oss_live.obj
e:\work\storage\server\oss\aliyun_oss_c_sdk_3.5.0\oss_c_sdk\debug\oss_define.obj
e:\work\storage\server\oss\aliyun_oss_c_sdk_3.5.0\oss_c_sdk\debug\oss_bucket.obj
e:\work\storage\server\oss\aliyun_oss_c_sdk_3.5.0\oss_c_sdk\debug\oss_auth.obj
e:\work\storage\server\oss\aliyun_oss_c_sdk_3.5.0\oss_c_sdk\debug\aos_util.obj
e:\work\storage\server\oss\aliyun_oss_c_sdk_3.5.0\oss_c_sdk\debug\aos_transport.obj
e:\work\storage\server\oss\aliyun_oss_c_sdk_3.5.0\oss_c_sdk\debug\aos_string.obj
e:\work\storage\server\oss\aliyun_oss_c_sdk_3.5.0\oss_c_sdk\debug\aos_status.obj
e:\work\storage\server\oss\aliyun_oss_c_sdk_3.5.0\oss_c_sdk\debug\aos_log.obj
e:\work\storage\server\oss\aliyun_oss_c_sdk_3.5.0\oss_c_sdk\debug\aos_http_io.obj
e:\work\storage\server\oss\aliyun_oss_c_sdk_3.5.0\oss_c_sdk\debug\aos_fstack.obj
e:\work\storage\server\oss\aliyun_oss_c_sdk_3.5.0\oss_c_sdk\debug\aos_crc64.obj
e:\work\storage\server\oss\aliyun_oss_c_sdk_3.5.0\oss_c_sdk\debug\aos_buf.obj
e:\work\storage\server\oss\aliyun_oss_c_sdk_3.5.0\debug\oss_c_sdk.lib
e:\work\storage\server\oss\aliyun_oss_c_sdk_3.5.0\debug\oss_c_sdk.pdb
e:\work\storage\server\oss\aliyun_oss_c_sdk_3.5.0\oss_c_sdk\debug\oss_c_sdk.tlog\cl.command.1.tlog
e:\work\storage\server\oss\aliyun_oss_c_sdk_3.5.0\oss_c_sdk\debug\oss_c_sdk.tlog\cl.read.1.tlog
e:\work\storage\server\oss\aliyun_oss_c_sdk_3.5.0\oss_c_sdk\debug\oss_c_sdk.tlog\cl.write.1.tlog
e:\work\storage\server\oss\aliyun_oss_c_sdk_3.5.0\oss_c_sdk\debug\oss_c_sdk.tlog\lib-link.read.1.tlog
e:\work\storage\server\oss\aliyun_oss_c_sdk_3.5.0\oss_c_sdk\debug\oss_c_sdk.tlog\lib-link.write.1.tlog
e:\work\storage\server\oss\aliyun_oss_c_sdk_3.5.0\oss_c_sdk\debug\oss_c_sdk.tlog\lib.command.1.tlog
